<?xml version="1.0" encoding="UTF-8"?>
<!-- Generated by org.testng.reporters.JUnitReportReporter -->
<testsuite hostname="DESKTOP-8VD1FBU" failures="0" tests="3" name="LibraryApi" time="4.238" errors="0" timestamp="2024-02-04T18:37:53 IST" skipped="0">
  <testcase classname="LibraryApi" name="addBook" time="2.937"/>
  <testcase classname="LibraryApi" name="addBook" time="0.728"/>
  <testcase classname="LibraryApi" name="addBook" time="0.573"/>
</testsuite> <!-- LibraryApi -->
