<?xml version="1.0" encoding="UTF-8"?>
<!-- Generated by org.testng.reporters.JUnitReportReporter -->
<testsuite hostname="DESKTOP-8VD1FBU" failures="0" tests="1" name="SumValidation" time="1.785" errors="0" timestamp="2024-02-04T17:13:15 IST" skipped="0">
  <testcase classname="SumValidation" name="sumValidation" time="1.785"/>
</testsuite> <!-- SumValidation -->
