<?xml version="1.0" encoding="UTF-8"?>
<!-- Generated by org.testng.reporters.JUnitReportReporter -->
<testsuite hostname="DESKTOP-8VD1FBU" failures="0" tests="1" name="OAuth" time="6.267" errors="0" timestamp="2024-03-21T23:02:27 IST" skipped="0">
  <testcase classname="OAuth" name="clientCred" time="6.267"/>
</testsuite> <!-- OAuth -->
